<?xml version="1.0" encoding="UTF-8"?>
<testsuite xmlns:xsi="http://www.w3.org/2001/XMLSchema-instance" xsi:noNamespaceSchemaLocation="https://maven.apache.org/surefire/maven-surefire-plugin/xsd/surefire-test-report.xsd" name="TestBaccaratGameLogic" time="0.07" tests="36" errors="0" skipped="0" failures="0">
  <properties>
    <property name="java.specification.version" value="14"/>
    <property name="sun.jnu.encoding" value="UTF-8"/>
    <property name="java.class.path" value="/Users/dan/Documents/CS342/dlever2Project3/BaccaratServer/target/test-classes:/Users/dan/Documents/CS342/dlever2Project3/BaccaratServer/target/classes:/Users/dan/.m2/repository/org/junit/jupiter/junit-jupiter/5.6.2/junit-jupiter-5.6.2.jar:/Users/dan/.m2/repository/org/junit/jupiter/junit-jupiter-api/5.6.2/junit-jupiter-api-5.6.2.jar:/Users/dan/.m2/repository/org/apiguardian/apiguardian-api/1.1.0/apiguardian-api-1.1.0.jar:/Users/dan/.m2/repository/org/opentest4j/opentest4j/1.2.0/opentest4j-1.2.0.jar:/Users/dan/.m2/repository/org/junit/platform/junit-platform-commons/1.6.2/junit-platform-commons-1.6.2.jar:/Users/dan/.m2/repository/org/junit/jupiter/junit-jupiter-params/5.6.2/junit-jupiter-params-5.6.2.jar:/Users/dan/.m2/repository/org/junit/jupiter/junit-jupiter-engine/5.6.2/junit-jupiter-engine-5.6.2.jar:/Users/dan/.m2/repository/org/junit/platform/junit-platform-engine/1.6.2/junit-platform-engine-1.6.2.jar:/Users/dan/.m2/repository/org/openjfx/javafx-controls/12.0.1/javafx-controls-12.0.1.jar:/Users/dan/.m2/repository/org/openjfx/javafx-controls/12.0.1/javafx-controls-12.0.1-mac.jar:/Users/dan/.m2/repository/org/openjfx/javafx-graphics/12.0.1/javafx-graphics-12.0.1.jar:/Users/dan/.m2/repository/org/openjfx/javafx-graphics/12.0.1/javafx-graphics-12.0.1-mac.jar:/Users/dan/.m2/repository/org/openjfx/javafx-base/12.0.1/javafx-base-12.0.1.jar:/Users/dan/.m2/repository/org/openjfx/javafx-base/12.0.1/javafx-base-12.0.1-mac.jar:/Users/dan/.m2/repository/org/openjfx/javafx-fxml/12/javafx-fxml-12.jar:/Users/dan/.m2/repository/org/openjfx/javafx-fxml/12/javafx-fxml-12-mac.jar:"/>
    <property name="java.vm.vendor" value="Oracle Corporation"/>
    <property name="sun.arch.data.model" value="64"/>
    <property name="java.vendor.url" value="https://openjdk.java.net/"/>
    <property name="os.name" value="Mac OS X"/>
    <property name="java.vm.specification.version" value="14"/>
    <property name="sun.java.launcher" value="SUN_STANDARD"/>
    <property name="user.country" value="US"/>
    <property name="sun.boot.library.path" value="/usr/local/Cellar/openjdk/14.0.1/libexec/openjdk.jdk/Contents/Home/lib"/>
    <property name="sun.java.command" value="/Users/dan/Documents/CS342/dlever2Project3/BaccaratServer/target/surefire/surefirebooter8154763506511029456.jar /Users/dan/Documents/CS342/dlever2Project3/BaccaratServer/target/surefire 2020-12-07T18-44-37_655-jvmRun1 surefire15807042540629410806tmp surefire_017379993507797422626tmp"/>
    <property name="http.nonProxyHosts" value="local|*.local|169.254/16|*.169.254/16"/>
    <property name="jdk.debug" value="release"/>
    <property name="surefire.test.class.path" value="/Users/dan/Documents/CS342/dlever2Project3/BaccaratServer/target/test-classes:/Users/dan/Documents/CS342/dlever2Project3/BaccaratServer/target/classes:/Users/dan/.m2/repository/org/junit/jupiter/junit-jupiter/5.6.2/junit-jupiter-5.6.2.jar:/Users/dan/.m2/repository/org/junit/jupiter/junit-jupiter-api/5.6.2/junit-jupiter-api-5.6.2.jar:/Users/dan/.m2/repository/org/apiguardian/apiguardian-api/1.1.0/apiguardian-api-1.1.0.jar:/Users/dan/.m2/repository/org/opentest4j/opentest4j/1.2.0/opentest4j-1.2.0.jar:/Users/dan/.m2/repository/org/junit/platform/junit-platform-commons/1.6.2/junit-platform-commons-1.6.2.jar:/Users/dan/.m2/repository/org/junit/jupiter/junit-jupiter-params/5.6.2/junit-jupiter-params-5.6.2.jar:/Users/dan/.m2/repository/org/junit/jupiter/junit-jupiter-engine/5.6.2/junit-jupiter-engine-5.6.2.jar:/Users/dan/.m2/repository/org/junit/platform/junit-platform-engine/1.6.2/junit-platform-engine-1.6.2.jar:/Users/dan/.m2/repository/org/openjfx/javafx-controls/12.0.1/javafx-controls-12.0.1.jar:/Users/dan/.m2/repository/org/openjfx/javafx-controls/12.0.1/javafx-controls-12.0.1-mac.jar:/Users/dan/.m2/repository/org/openjfx/javafx-graphics/12.0.1/javafx-graphics-12.0.1.jar:/Users/dan/.m2/repository/org/openjfx/javafx-graphics/12.0.1/javafx-graphics-12.0.1-mac.jar:/Users/dan/.m2/repository/org/openjfx/javafx-base/12.0.1/javafx-base-12.0.1.jar:/Users/dan/.m2/repository/org/openjfx/javafx-base/12.0.1/javafx-base-12.0.1-mac.jar:/Users/dan/.m2/repository/org/openjfx/javafx-fxml/12/javafx-fxml-12.jar:/Users/dan/.m2/repository/org/openjfx/javafx-fxml/12/javafx-fxml-12-mac.jar:"/>
    <property name="sun.cpu.endian" value="little"/>
    <property name="user.home" value="/Users/dan"/>
    <property name="user.language" value="es"/>
    <property name="java.specification.vendor" value="Oracle Corporation"/>
    <property name="java.version.date" value="2020-04-14"/>
    <property name="java.home" value="/usr/local/Cellar/openjdk/14.0.1/libexec/openjdk.jdk/Contents/Home"/>
    <property name="file.separator" value="/"/>
    <property name="basedir" value="/Users/dan/Documents/CS342/dlever2Project3/BaccaratServer"/>
    <property name="java.vm.compressedOopsMode" value="Zero based"/>
    <property name="line.separator" value="&#10;"/>
    <property name="java.specification.name" value="Java Platform API Specification"/>
    <property name="java.vm.specification.vendor" value="Oracle Corporation"/>
    <property name="surefire.real.class.path" value="/Users/dan/Documents/CS342/dlever2Project3/BaccaratServer/target/surefire/surefirebooter8154763506511029456.jar"/>
    <property name="sun.management.compiler" value="HotSpot 64-Bit Tiered Compilers"/>
    <property name="ftp.nonProxyHosts" value="local|*.local|169.254/16|*.169.254/16"/>
    <property name="java.runtime.version" value="14.0.1+14"/>
    <property name="user.name" value="dan"/>
    <property name="path.separator" value=":"/>
    <property name="os.version" value="10.15.5"/>
    <property name="java.runtime.name" value="OpenJDK Runtime Environment"/>
    <property name="file.encoding" value="UTF-8"/>
    <property name="java.vm.name" value="OpenJDK 64-Bit Server VM"/>
    <property name="localRepository" value="/Users/dan/.m2/repository"/>
    <property name="java.vendor.url.bug" value="https://bugreport.java.com/bugreport/"/>
    <property name="java.io.tmpdir" value="/var/folders/6h/ttywn7qs5yz8m0wdr37p5bv00000gn/T/"/>
    <property name="java.version" value="14.0.1"/>
    <property name="user.dir" value="/Users/dan/Documents/CS342/dlever2Project3/BaccaratServer"/>
    <property name="os.arch" value="x86_64"/>
    <property name="java.vm.specification.name" value="Java Virtual Machine Specification"/>
    <property name="java.library.path" value="/Users/dan/Library/Java/Extensions:/Library/Java/Extensions:/Network/Library/Java/Extensions:/System/Library/Java/Extensions:/usr/lib/java:."/>
    <property name="java.vm.info" value="mixed mode, sharing"/>
    <property name="java.vendor" value="N/A"/>
    <property name="java.vm.version" value="14.0.1+14"/>
    <property name="sun.io.unicode.encoding" value="UnicodeBig"/>
    <property name="socksNonProxyHosts" value="local|*.local|169.254/16|*.169.254/16"/>
    <property name="java.class.version" value="58.0"/>
  </properties>
  <testcase name="testEvaluateBankerDrawNineFalse" classname="TestBaccaratGameLogic" time="0.022"/>
  <testcase name="testHandTotalFaceCardsNonZero" classname="TestBaccaratGameLogic" time="0.001"/>
  <testcase name="testEvaluateBankerDrawFiveFalse" classname="TestBaccaratGameLogic" time="0"/>
  <testcase name="testEvaluateBankerDrawTwoFalse" classname="TestBaccaratGameLogic" time="0"/>
  <testcase name="testHandTotalTwoCardsLessThanNine" classname="TestBaccaratGameLogic" time="0"/>
  <testcase name="testEvaluateBankerDrawOneFalse" classname="TestBaccaratGameLogic" time="0"/>
  <testcase name="testEvaluateBankerDrawSixTrue" classname="TestBaccaratGameLogic" time="0.001"/>
  <testcase name="testEvaluateBankerDrawZeroFalse" classname="TestBaccaratGameLogic" time="0.001"/>
  <testcase name="testHandTotalThreeGreaterThanNine" classname="TestBaccaratGameLogic" time="0"/>
  <testcase name="testEvaluateBankerDrawNullTrue" classname="TestBaccaratGameLogic" time="0.001"/>
  <testcase name="testHandTotalFaceCardsZero" classname="TestBaccaratGameLogic" time="0.001"/>
  <testcase name="testWhoWonBanker" classname="TestBaccaratGameLogic" time="0.001"/>
  <testcase name="testEvaluateBankerDrawFourFalse" classname="TestBaccaratGameLogic" time="0.001"/>
  <testcase name="testHandTotalThreeCardsEqualsNine" classname="TestBaccaratGameLogic" time="0"/>
  <testcase name="testEvaluateBankerDrawEightFalse" classname="TestBaccaratGameLogic" time="0"/>
  <testcase name="testHandTotalThreeCardsLessThanNine" classname="TestBaccaratGameLogic" time="0"/>
  <testcase name="testEvaluateBankerDrawEightTrue" classname="TestBaccaratGameLogic" time="0.001"/>
  <testcase name="testEvaluateBankerDrawOneTrue" classname="TestBaccaratGameLogic" time="0"/>
  <testcase name="testWhoWonPlayer" classname="TestBaccaratGameLogic" time="0"/>
  <testcase name="testHandTotalTwoCardsEqualsNine" classname="TestBaccaratGameLogic" time="0.001"/>
  <testcase name="testEvaluateBankerDrawTwoTrue" classname="TestBaccaratGameLogic" time="0.001"/>
  <testcase name="testEvaluateBankerDrawNullFalse" classname="TestBaccaratGameLogic" time="0.001"/>
  <testcase name="testHandTotalTwoCardsGreaterThanNineEqualsZero" classname="TestBaccaratGameLogic" time="0"/>
  <testcase name="testEvaluateBankerDrawFiveTrue" classname="TestBaccaratGameLogic" time="0.001"/>
  <testcase name="testEvaluatePlayerDrawFalse" classname="TestBaccaratGameLogic" time="0.001"/>
  <testcase name="testEvaluatePlayerDrawTrue" classname="TestBaccaratGameLogic" time="0.002"/>
  <testcase name="testHandTotalTwoCardsGreaterThanNineNonZero" classname="TestBaccaratGameLogic" time="0"/>
  <testcase name="testEvaluateBankerDrawNineTrue" classname="TestBaccaratGameLogic" time="0.001"/>
  <testcase name="testEvaluateBankerDrawFourTrue" classname="TestBaccaratGameLogic" time="0.001"/>
  <testcase name="testEvaluateBankerDrawSevenFalse" classname="TestBaccaratGameLogic" time="0.001"/>
  <testcase name="testEvaluateBankerDrawThreeFalse" classname="TestBaccaratGameLogic" time="0"/>
  <testcase name="testEvaluateBankerDrawZeroTrue" classname="TestBaccaratGameLogic" time="0"/>
  <testcase name="testEvaluateBankerDrawSixFalse" classname="TestBaccaratGameLogic" time="0"/>
  <testcase name="testWhoWonDraw" classname="TestBaccaratGameLogic" time="0"/>
  <testcase name="testEvaluateBankerDrawThreeTrue" classname="TestBaccaratGameLogic" time="0.001"/>
  <testcase name="testEvaluateBankerDrawSevenTrue" classname="TestBaccaratGameLogic" time="0.001"/>
</testsuite>